app/build/intermediates/manifest_merge_blame_file/debug/processDebugMainManifest/manifest-merger-blame-debug-report.txt
1<?xml version="1.0" encoding="utf-8"?>
2<manifest xmlns:android="http://schemas.android.com/apk/res/android"
3    package="com.memeforge"
4    android:versionCode="1"
5    android:versionName="1.0" >
6
7    <uses-sdk
8        android:minSdkVersion="26"
9        android:targetSdkVersion="34" />
10
11    <uses-permission android:name="android.permission.INTERNET" />
11-->src/main/AndroidManifest.xml:4:5-66
11-->src/main/AndroidManifest.xml:4:22-64
12    <uses-permission android:name="android.permission.ACCESS_NETWORK_STATE" />
12-->src/main/AndroidManifest.xml:5:5-78
12-->src/main/AndroidManifest.xml:5:22-76
13    <uses-permission android:name="com.google.android.gms.permission.AD_ID" />
13-->[com.google.android.gms:play-services-ads-lite:23.0.0] AndroidManifest.xml:26:5-79
13-->[com.google.android.gms:play-services-ads-lite:23.0.0] AndroidManifest.xml:26:22-76
14    <uses-permission android:name="android.permission.ACCESS_ADSERVICES_AD_ID" />
14-->[com.google.android.gms:play-services-ads-lite:23.0.0] AndroidManifest.xml:27:5-82
14-->[com.google.android.gms:play-services-ads-lite:23.0.0] AndroidManifest.xml:27:22-79
15    <uses-permission android:name="android.permission.ACCESS_ADSERVICES_ATTRIBUTION" />
15-->[com.google.android.gms:play-services-ads-lite:23.0.0] AndroidManifest.xml:28:5-88
15-->[com.google.android.gms:play-services-ads-lite:23.0.0] AndroidManifest.xml:28:22-85
16    <uses-permission android:name="android.permission.ACCESS_ADSERVICES_TOPICS" /> <!-- Android package visibility setting -->
16-->[com.google.android.gms:play-services-ads-lite:23.0.0] AndroidManifest.xml:29:5-83
16-->[com.google.android.gms:play-services-ads-lite:23.0.0] AndroidManifest.xml:29:22-80
17    <queries>
17-->[com.google.android.gms:play-services-ads-lite:23.0.0] AndroidManifest.xml:35:5-51:15
18
19        <!-- For browser content -->
20        <intent>
20-->[com.google.android.gms:play-services-ads-lite:23.0.0] AndroidManifest.xml:38:9-44:18
21            <action android:name="android.intent.action.VIEW" />
21-->[com.google.android.gms:play-services-ads-lite:23.0.0] AndroidManifest.xml:39:13-65
21-->[com.google.android.gms:play-services-ads-lite:23.0.0] AndroidManifest.xml:39:21-62
22
23            <category android:name="android.intent.category.BROWSABLE" />
23-->[com.google.android.gms:play-services-ads-lite:23.0.0] AndroidManifest.xml:41:13-74
23-->[com.google.android.gms:play-services-ads-lite:23.0.0] AndroidManifest.xml:41:23-71
24
25            <data android:scheme="https" />
25-->[com.google.android.gms:play-services-ads-lite:23.0.0] AndroidManifest.xml:43:13-44
25-->[com.google.android.gms:play-services-ads-lite:23.0.0] AndroidManifest.xml:43:19-41
26        </intent>
27        <!-- End of browser content -->
28        <!-- For CustomTabsService -->
29        <intent>
29-->[com.google.android.gms:play-services-ads-lite:23.0.0] AndroidManifest.xml:47:9-49:18
30            <action android:name="android.support.customtabs.action.CustomTabsService" />
30-->[com.google.android.gms:play-services-ads-lite:23.0.0] AndroidManifest.xml:48:13-90
30-->[com.google.android.gms:play-services-ads-lite:23.0.0] AndroidManifest.xml:48:21-87
31        </intent>
32        <!-- End of CustomTabsService -->
33    </queries>
34
35    <uses-permission android:name="android.permission.WAKE_LOCK" />
35-->[com.google.android.gms:play-services-measurement-sdk-api:20.1.2] AndroidManifest.xml:25:5-68
35-->[com.google.android.gms:play-services-measurement-sdk-api:20.1.2] AndroidManifest.xml:25:22-65
36    <uses-permission android:name="android.permission.FOREGROUND_SERVICE" />
36-->[androidx.work:work-runtime:2.7.0] AndroidManifest.xml:28:5-77
36-->[androidx.work:work-runtime:2.7.0] AndroidManifest.xml:28:22-74
37
38    <permission
38-->[androidx.core:core:1.13.0] AndroidManifest.xml:22:5-24:47
39        android:name="com.memeforge.DYNAMIC_RECEIVER_NOT_EXPORTED_PERMISSION"
39-->[androidx.core:core:1.13.0] AndroidManifest.xml:23:9-81
40        android:protectionLevel="signature" />
40-->[androidx.core:core:1.13.0] AndroidManifest.xml:24:9-44
41
42    <uses-permission android:name="com.memeforge.DYNAMIC_RECEIVER_NOT_EXPORTED_PERMISSION" />
42-->[androidx.core:core:1.13.0] AndroidManifest.xml:26:5-97
42-->[androidx.core:core:1.13.0] AndroidManifest.xml:26:22-94
43
44    <application
44-->src/main/AndroidManifest.xml:7:5-31:19
45        android:name="com.memeforge.MemeForgeApp"
45-->src/main/AndroidManifest.xml:8:9-37
46        android:allowBackup="true"
46-->src/main/AndroidManifest.xml:9:9-35
47        android:appComponentFactory="androidx.core.app.CoreComponentFactory"
47-->[androidx.core:core:1.13.0] AndroidManifest.xml:28:18-86
48        android:debuggable="true"
49        android:extractNativeLibs="false"
50        android:icon="@mipmap/ic_launcher"
50-->src/main/AndroidManifest.xml:10:9-43
51        android:label="@string/app_name"
51-->src/main/AndroidManifest.xml:12:9-41
52        android:roundIcon="@mipmap/ic_launcher_round"
52-->src/main/AndroidManifest.xml:11:9-54
53        android:supportsRtl="true"
53-->src/main/AndroidManifest.xml:13:9-35
54        android:testOnly="true"
55        android:theme="@style/Theme.MemeForge" >
55-->src/main/AndroidManifest.xml:14:9-47
56        <activity
56-->src/main/AndroidManifest.xml:16:9-24:20
57            android:name="com.memeforge.MainActivity"
57-->src/main/AndroidManifest.xml:17:13-41
58            android:exported="true"
58-->src/main/AndroidManifest.xml:18:13-36
59            android:windowSoftInputMode="adjustResize" >
59-->src/main/AndroidManifest.xml:19:13-55
60            <intent-filter>
60-->src/main/AndroidManifest.xml:20:13-23:29
61                <action android:name="android.intent.action.MAIN" />
61-->src/main/AndroidManifest.xml:21:17-68
61-->src/main/AndroidManifest.xml:21:25-66
62
63                <category android:name="android.intent.category.LAUNCHER" />
63-->src/main/AndroidManifest.xml:22:17-76
63-->src/main/AndroidManifest.xml:22:27-74
64            </intent-filter>
65        </activity>
66
67        <!-- TODO: Reemplazar con el App ID real de AdMob antes de publicar en Play Store -->
68        <meta-data
68-->src/main/AndroidManifest.xml:27:9-29:69
69            android:name="com.google.android.gms.ads.APPLICATION_ID"
69-->src/main/AndroidManifest.xml:28:13-69
70            android:value="ca-app-pub-3940256099942544~3347511713" />
70-->src/main/AndroidManifest.xml:29:13-67
71
72        <!-- Include the AdActivity and InAppPurchaseActivity configChanges and themes. -->
73        <activity
73-->[com.google.android.gms:play-services-ads-lite:23.0.0] AndroidManifest.xml:56:9-61:43
74            android:name="com.google.android.gms.ads.AdActivity"
74-->[com.google.android.gms:play-services-ads-lite:23.0.0] AndroidManifest.xml:57:13-65
75            android:configChanges="keyboard|keyboardHidden|orientation|screenLayout|uiMode|screenSize|smallestScreenSize"
75-->[com.google.android.gms:play-services-ads-lite:23.0.0] AndroidManifest.xml:58:13-122
76            android:exported="false"
76-->[com.google.android.gms:play-services-ads-lite:23.0.0] AndroidManifest.xml:59:13-37
77            android:theme="@android:style/Theme.Translucent" />
77-->[com.google.android.gms:play-services-ads-lite:23.0.0] AndroidManifest.xml:60:13-61
78
79        <provider
79-->[com.google.android.gms:play-services-ads-lite:23.0.0] AndroidManifest.xml:63:9-68:43
80            android:name="com.google.android.gms.ads.MobileAdsInitProvider"
80-->[com.google.android.gms:play-services-ads-lite:23.0.0] AndroidManifest.xml:64:13-76
81            android:authorities="com.memeforge.mobileadsinitprovider"
81-->[com.google.android.gms:play-services-ads-lite:23.0.0] AndroidManifest.xml:65:13-73
82            android:exported="false"
82-->[com.google.android.gms:play-services-ads-lite:23.0.0] AndroidManifest.xml:66:13-37
83            android:initOrder="100" />
83-->[com.google.android.gms:play-services-ads-lite:23.0.0] AndroidManifest.xml:67:13-36
84
85        <service
85-->[com.google.android.gms:play-services-ads-lite:23.0.0] AndroidManifest.xml:70:9-74:43
86            android:name="com.google.android.gms.ads.AdService"
86-->[com.google.android.gms:play-services-ads-lite:23.0.0] AndroidManifest.xml:71:13-64
87            android:enabled="true"
87-->[com.google.android.gms:play-services-ads-lite:23.0.0] AndroidManifest.xml:72:13-35
88            android:exported="false" />
88-->[com.google.android.gms:play-services-ads-lite:23.0.0] AndroidManifest.xml:73:13-37
89
90        <activity
90-->[com.google.android.gms:play-services-ads-lite:23.0.0] AndroidManifest.xml:76:9-80:43
91            android:name="com.google.android.gms.ads.OutOfContextTestingActivity"
91-->[com.google.android.gms:play-services-ads-lite:23.0.0] AndroidManifest.xml:77:13-82
92            android:configChanges="keyboard|keyboardHidden|orientation|screenLayout|uiMode|screenSize|smallestScreenSize"
92-->[com.google.android.gms:play-services-ads-lite:23.0.0] AndroidManifest.xml:78:13-122
93            android:exported="false" />
93-->[com.google.android.gms:play-services-ads-lite:23.0.0] AndroidManifest.xml:79:13-37
94        <activity
94-->[com.google.android.gms:play-services-ads-lite:23.0.0] AndroidManifest.xml:81:9-88:43
95            android:name="com.google.android.gms.ads.NotificationHandlerActivity"
95-->[com.google.android.gms:play-services-ads-lite:23.0.0] AndroidManifest.xml:82:13-82
96            android:excludeFromRecents="true"
96-->[com.google.android.gms:play-services-ads-lite:23.0.0] AndroidManifest.xml:83:13-46
97            android:exported="false"
97-->[com.google.android.gms:play-services-ads-lite:23.0.0] AndroidManifest.xml:84:13-37
98            android:launchMode="singleTask"
98-->[com.google.android.gms:play-services-ads-lite:23.0.0] AndroidManifest.xml:85:13-44
99            android:taskAffinity=""
99-->[com.google.android.gms:play-services-ads-lite:23.0.0] AndroidManifest.xml:86:13-36
100            android:theme="@android:style/Theme.Translucent.NoTitleBar" />
100-->[com.google.android.gms:play-services-ads-lite:23.0.0] AndroidManifest.xml:87:13-72
101
102        <property
102-->[com.google.android.gms:play-services-ads-lite:23.0.0] AndroidManifest.xml:90:9-92:62
103            android:name="android.adservices.AD_SERVICES_CONFIG"
103-->[com.google.android.gms:play-services-ads-lite:23.0.0] AndroidManifest.xml:91:13-65
104            android:resource="@xml/gma_ad_services_config" />
104-->[com.google.android.gms:play-services-ads-lite:23.0.0] AndroidManifest.xml:92:13-59
105
106        <activity
106-->[com.google.android.gms:play-services-base:18.0.0] AndroidManifest.xml:20:9-22:45
107            android:name="com.google.android.gms.common.api.GoogleApiActivity"
107-->[com.google.android.gms:play-services-base:18.0.0] AndroidManifest.xml:20:19-85
108            android:exported="false"
108-->[com.google.android.gms:play-services-base:18.0.0] AndroidManifest.xml:22:19-43
109            android:theme="@android:style/Theme.Translucent.NoTitleBar" />
109-->[com.google.android.gms:play-services-base:18.0.0] AndroidManifest.xml:21:19-78
110
111        <meta-data
111-->[com.google.android.gms:play-services-basement:18.2.0] AndroidManifest.xml:21:9-23:69
112            android:name="com.google.android.gms.version"
112-->[com.google.android.gms:play-services-basement:18.2.0] AndroidManifest.xml:22:13-58
113            android:value="@integer/google_play_services_version" />
113-->[com.google.android.gms:play-services-basement:18.2.0] AndroidManifest.xml:23:13-66
114
115        <activity
115-->[androidx.compose.ui:ui-tooling-android:1.6.5] AndroidManifest.xml:23:9-25:39
116            android:name="androidx.compose.ui.tooling.PreviewActivity"
116-->[androidx.compose.ui:ui-tooling-android:1.6.5] AndroidManifest.xml:24:13-71
117            android:exported="true" />
117-->[androidx.compose.ui:ui-tooling-android:1.6.5] AndroidManifest.xml:25:13-36
118
119        <provider
119-->[androidx.work:work-runtime:2.7.0] AndroidManifest.xml:31:9-39:20
120            android:name="androidx.startup.InitializationProvider"
120-->[androidx.work:work-runtime:2.7.0] AndroidManifest.xml:32:13-67
121            android:authorities="com.memeforge.androidx-startup"
121-->[androidx.work:work-runtime:2.7.0] AndroidManifest.xml:33:13-68
122            android:exported="false" >
122-->[androidx.work:work-runtime:2.7.0] AndroidManifest.xml:34:13-37
123            <meta-data
123-->[androidx.work:work-runtime:2.7.0] AndroidManifest.xml:36:13-38:52
124                android:name="androidx.work.WorkManagerInitializer"
124-->[androidx.work:work-runtime:2.7.0] AndroidManifest.xml:37:17-68
125                android:value="androidx.startup" />
125-->[androidx.work:work-runtime:2.7.0] AndroidManifest.xml:38:17-49
126            <meta-data
126-->[androidx.emoji2:emoji2:1.3.0] AndroidManifest.xml:29:13-31:52
127                android:name="androidx.emoji2.text.EmojiCompatInitializer"
127-->[androidx.emoji2:emoji2:1.3.0] AndroidManifest.xml:30:17-75
128                android:value="androidx.startup" />
128-->[androidx.emoji2:emoji2:1.3.0] AndroidManifest.xml:31:17-49
129            <meta-data
129-->[androidx.lifecycle:lifecycle-process:2.7.0] AndroidManifest.xml:29:13-31:52
130                android:name="androidx.lifecycle.ProcessLifecycleInitializer"
130-->[androidx.lifecycle:lifecycle-process:2.7.0] AndroidManifest.xml:30:17-78
131                android:value="androidx.startup" />
131-->[androidx.lifecycle:lifecycle-process:2.7.0] AndroidManifest.xml:31:17-49
132            <meta-data
132-->[androidx.profileinstaller:profileinstaller:1.3.1] AndroidManifest.xml:29:13-31:52
133                android:name="androidx.profileinstaller.ProfileInstallerInitializer"
133-->[androidx.profileinstaller:profileinstaller:1.3.1] AndroidManifest.xml:30:17-85
134                android:value="androidx.startup" />
134-->[androidx.profileinstaller:profileinstaller:1.3.1] AndroidManifest.xml:31:17-49
135        </provider>
136
137        <service
137-->[androidx.work:work-runtime:2.7.0] AndroidManifest.xml:41:9-46:35
138            android:name="androidx.work.impl.background.systemalarm.SystemAlarmService"
138-->[androidx.work:work-runtime:2.7.0] AndroidManifest.xml:42:13-88
139            android:directBootAware="false"
139-->[androidx.work:work-runtime:2.7.0] AndroidManifest.xml:43:13-44
140            android:enabled="@bool/enable_system_alarm_service_default"
140-->[androidx.work:work-runtime:2.7.0] AndroidManifest.xml:44:13-72
141            android:exported="false" />
141-->[androidx.work:work-runtime:2.7.0] AndroidManifest.xml:45:13-37
142        <service
142-->[androidx.work:work-runtime:2.7.0] AndroidManifest.xml:47:9-53:35
143            android:name="androidx.work.impl.background.systemjob.SystemJobService"
143-->[androidx.work:work-runtime:2.7.0] AndroidManifest.xml:48:13-84
144            android:directBootAware="false"
144-->[androidx.work:work-runtime:2.7.0] AndroidManifest.xml:49:13-44
145            android:enabled="@bool/enable_system_job_service_default"
145-->[androidx.work:work-runtime:2.7.0] AndroidManifest.xml:50:13-70
146            android:exported="true"
146-->[androidx.work:work-runtime:2.7.0] AndroidManifest.xml:51:13-36
147            android:permission="android.permission.BIND_JOB_SERVICE" />
147-->[androidx.work:work-runtime:2.7.0] AndroidManifest.xml:52:13-69
148        <service
148-->[androidx.work:work-runtime:2.7.0] AndroidManifest.xml:54:9-59:35
149            android:name="androidx.work.impl.foreground.SystemForegroundService"
149-->[androidx.work:work-runtime:2.7.0] AndroidManifest.xml:55:13-81
150            android:directBootAware="false"
150-->[androidx.work:work-runtime:2.7.0] AndroidManifest.xml:56:13-44
151            android:enabled="@bool/enable_system_foreground_service_default"
151-->[androidx.work:work-runtime:2.7.0] AndroidManifest.xml:57:13-77
152            android:exported="false" />
152-->[androidx.work:work-runtime:2.7.0] AndroidManifest.xml:58:13-37
153
154        <receiver
154-->[androidx.work:work-runtime:2.7.0] AndroidManifest.xml:61:9-66:35
155            android:name="androidx.work.impl.utils.ForceStopRunnable$BroadcastReceiver"
155-->[androidx.work:work-runtime:2.7.0] AndroidManifest.xml:62:13-88
156            android:directBootAware="false"
156-->[androidx.work:work-runtime:2.7.0] AndroidManifest.xml:63:13-44
157            android:enabled="true"
157-->[androidx.work:work-runtime:2.7.0] AndroidManifest.xml:64:13-35
158            android:exported="false" />
158-->[androidx.work:work-runtime:2.7.0] AndroidManifest.xml:65:13-37
159        <receiver
159-->[androidx.work:work-runtime:2.7.0] AndroidManifest.xml:67:9-77:20
160            android:name="androidx.work.impl.background.systemalarm.ConstraintProxy$BatteryChargingProxy"
160-->[androidx.work:work-runtime:2.7.0] AndroidManifest.xml:68:13-106
161            android:directBootAware="false"
161-->[androidx.work:work-runtime:2.7.0] AndroidManifest.xml:69:13-44
162            android:enabled="false"
162-->[androidx.work:work-runtime:2.7.0] AndroidManifest.xml:70:13-36
163            android:exported="false" >
163-->[androidx.work:work-runtime:2.7.0] AndroidManifest.xml:71:13-37
164            <intent-filter>
164-->[androidx.work:work-runtime:2.7.0] AndroidManifest.xml:73:13-76:29
165                <action android:name="android.intent.action.ACTION_POWER_CONNECTED" />
165-->[androidx.work:work-runtime:2.7.0] AndroidManifest.xml:74:17-87
165-->[androidx.work:work-runtime:2.7.0] AndroidManifest.xml:74:25-84
166                <action android:name="android.intent.action.ACTION_POWER_DISCONNECTED" />
166-->[androidx.work:work-runtime:2.7.0] AndroidManifest.xml:75:17-90
166-->[androidx.work:work-runtime:2.7.0] AndroidManifest.xml:75:25-87
167            </intent-filter>
168        </receiver>
169        <receiver
169-->[androidx.work:work-runtime:2.7.0] AndroidManifest.xml:78:9-88:20
170            android:name="androidx.work.impl.background.systemalarm.ConstraintProxy$BatteryNotLowProxy"
170-->[androidx.work:work-runtime:2.7.0] AndroidManifest.xml:79:13-104
171            android:directBootAware="false"
171-->[androidx.work:work-runtime:2.7.0] AndroidManifest.xml:80:13-44
172            android:enabled="false"
172-->[androidx.work:work-runtime:2.7.0] AndroidManifest.xml:81:13-36
173            android:exported="false" >
173-->[androidx.work:work-runtime:2.7.0] AndroidManifest.xml:82:13-37
174            <intent-filter>
174-->[androidx.work:work-runtime:2.7.0] AndroidManifest.xml:84:13-87:29
175                <action android:name="android.intent.action.BATTERY_OKAY" />
175-->[androidx.work:work-runtime:2.7.0] AndroidManifest.xml:85:17-77
175-->[androidx.work:work-runtime:2.7.0] AndroidManifest.xml:85:25-74
176                <action android:name="android.intent.action.BATTERY_LOW" />
176-->[androidx.work:work-runtime:2.7.0] AndroidManifest.xml:86:17-76
176-->[androidx.work:work-runtime:2.7.0] AndroidManifest.xml:86:25-73
177            </intent-filter>
178        </receiver>
179        <receiver
179-->[androidx.work:work-runtime:2.7.0] AndroidManifest.xml:89:9-99:20
180            android:name="androidx.work.impl.background.systemalarm.ConstraintProxy$StorageNotLowProxy"
180-->[androidx.work:work-runtime:2.7.0] AndroidManifest.xml:90:13-104
181            android:directBootAware="false"
181-->[androidx.work:work-runtime:2.7.0] AndroidManifest.xml:91:13-44
182            android:enabled="false"
182-->[androidx.work:work-runtime:2.7.0] AndroidManifest.xml:92:13-36
183            android:exported="false" >
183-->[androidx.work:work-runtime:2.7.0] AndroidManifest.xml:93:13-37
184            <intent-filter>
184-->[androidx.work:work-runtime:2.7.0] AndroidManifest.xml:95:13-98:29
185                <action android:name="android.intent.action.DEVICE_STORAGE_LOW" />
185-->[androidx.work:work-runtime:2.7.0] AndroidManifest.xml:96:17-83
185-->[androidx.work:work-runtime:2.7.0] AndroidManifest.xml:96:25-80
186                <action android:name="android.intent.action.DEVICE_STORAGE_OK" />
186-->[androidx.work:work-runtime:2.7.0] AndroidManifest.xml:97:17-82
186-->[androidx.work:work-runtime:2.7.0] AndroidManifest.xml:97:25-79
187            </intent-filter>
188        </receiver>
189        <receiver
189-->[androidx.work:work-runtime:2.7.0] AndroidManifest.xml:100:9-109:20
190            android:name="androidx.work.impl.background.systemalarm.ConstraintProxy$NetworkStateProxy"
190-->[androidx.work:work-runtime:2.7.0] AndroidManifest.xml:101:13-103
191            android:directBootAware="false"
191-->[androidx.work:work-runtime:2.7.0] AndroidManifest.xml:102:13-44
192            android:enabled="false"
192-->[androidx.work:work-runtime:2.7.0] AndroidManifest.xml:103:13-36
193            android:exported="false" >
193-->[androidx.work:work-runtime:2.7.0] AndroidManifest.xml:104:13-37
194            <intent-filter>
194-->[androidx.work:work-runtime:2.7.0] AndroidManifest.xml:106:13-108:29
195                <action android:name="android.net.conn.CONNECTIVITY_CHANGE" />
195-->[androidx.work:work-runtime:2.7.0] AndroidManifest.xml:107:17-79
195-->[androidx.work:work-runtime:2.7.0] AndroidManifest.xml:107:25-76
196            </intent-filter>
197        </receiver>
198        <receiver
198-->[androidx.work:work-runtime:2.7.0] AndroidManifest.xml:110:9-121:20
199            android:name="androidx.work.impl.background.systemalarm.RescheduleReceiver"
199-->[androidx.work:work-runtime:2.7.0] AndroidManifest.xml:111:13-88
200            android:directBootAware="false"
200-->[androidx.work:work-runtime:2.7.0] AndroidManifest.xml:112:13-44
201            android:enabled="false"
201-->[androidx.work:work-runtime:2.7.0] AndroidManifest.xml:113:13-36
202            android:exported="false" >
202-->[androidx.work:work-runtime:2.7.0] AndroidManifest.xml:114:13-37
203            <intent-filter>
203-->[androidx.work:work-runtime:2.7.0] AndroidManifest.xml:116:13-120:29
204                <action android:name="android.intent.action.BOOT_COMPLETED" />
204-->[androidx.work:work-runtime:2.7.0] AndroidManifest.xml:117:17-79
204-->[androidx.work:work-runtime:2.7.0] AndroidManifest.xml:117:25-76
205                <action android:name="android.intent.action.TIME_SET" />
205-->[androidx.work:work-runtime:2.7.0] AndroidManifest.xml:118:17-73
205-->[androidx.work:work-runtime:2.7.0] AndroidManifest.xml:118:25-70
206                <action android:name="android.intent.action.TIMEZONE_CHANGED" />
206-->[androidx.work:work-runtime:2.7.0] AndroidManifest.xml:119:17-81
206-->[androidx.work:work-runtime:2.7.0] AndroidManifest.xml:119:25-78
207            </intent-filter>
208        </receiver>
209        <receiver
209-->[androidx.work:work-runtime:2.7.0] AndroidManifest.xml:122:9-131:20
210            android:name="androidx.work.impl.background.systemalarm.ConstraintProxyUpdateReceiver"
210-->[androidx.work:work-runtime:2.7.0] AndroidManifest.xml:123:13-99
211            android:directBootAware="false"
211-->[androidx.work:work-runtime:2.7.0] AndroidManifest.xml:124:13-44
212            android:enabled="@bool/enable_system_alarm_service_default"
212-->[androidx.work:work-runtime:2.7.0] AndroidManifest.xml:125:13-72
213            android:exported="false" >
213-->[androidx.work:work-runtime:2.7.0] AndroidManifest.xml:126:13-37
214            <intent-filter>
214-->[androidx.work:work-runtime:2.7.0] AndroidManifest.xml:128:13-130:29
215                <action android:name="androidx.work.impl.background.systemalarm.UpdateProxies" />
215-->[androidx.work:work-runtime:2.7.0] AndroidManifest.xml:129:17-98
215-->[androidx.work:work-runtime:2.7.0] AndroidManifest.xml:129:25-95
216            </intent-filter>
217        </receiver>
218        <receiver
218-->[androidx.work:work-runtime:2.7.0] AndroidManifest.xml:132:9-142:20
219            android:name="androidx.work.impl.diagnostics.DiagnosticsReceiver"
219-->[androidx.work:work-runtime:2.7.0] AndroidManifest.xml:133:13-78
220            android:directBootAware="false"
220-->[androidx.work:work-runtime:2.7.0] AndroidManifest.xml:134:13-44
221            android:enabled="true"
221-->[androidx.work:work-runtime:2.7.0] AndroidManifest.xml:135:13-35
222            android:exported="true"
222-->[androidx.work:work-runtime:2.7.0] AndroidManifest.xml:136:13-36
223            android:permission="android.permission.DUMP" >
223-->[androidx.work:work-runtime:2.7.0] AndroidManifest.xml:137:13-57
224            <intent-filter>
224-->[androidx.work:work-runtime:2.7.0] AndroidManifest.xml:139:13-141:29
225                <action android:name="androidx.work.diagnostics.REQUEST_DIAGNOSTICS" />
225-->[androidx.work:work-runtime:2.7.0] AndroidManifest.xml:140:17-88
225-->[androidx.work:work-runtime:2.7.0] AndroidManifest.xml:140:25-85
226            </intent-filter>
227        </receiver>
228
229        <uses-library
229-->[androidx.privacysandbox.ads:ads-adservices:1.0.0-beta05] AndroidManifest.xml:23:9-25:40
230            android:name="android.ext.adservices"
230-->[androidx.privacysandbox.ads:ads-adservices:1.0.0-beta05] AndroidManifest.xml:24:13-50
231            android:required="false" />
231-->[androidx.privacysandbox.ads:ads-adservices:1.0.0-beta05] AndroidManifest.xml:25:13-37
232
233        <service
233-->[androidx.room:room-runtime:2.2.5] AndroidManifest.xml:25:9-28:40
234            android:name="androidx.room.MultiInstanceInvalidationService"
234-->[androidx.room:room-runtime:2.2.5] AndroidManifest.xml:26:13-74
235            android:directBootAware="true"
235-->[androidx.room:room-runtime:2.2.5] AndroidManifest.xml:27:13-43
236            android:exported="false" />
236-->[androidx.room:room-runtime:2.2.5] AndroidManifest.xml:28:13-37
237
238        <receiver
238-->[androidx.profileinstaller:profileinstaller:1.3.1] AndroidManifest.xml:34:9-52:20
239            android:name="androidx.profileinstaller.ProfileInstallReceiver"
239-->[androidx.profileinstaller:profileinstaller:1.3.1] AndroidManifest.xml:35:13-76
240            android:directBootAware="false"
240-->[androidx.profileinstaller:profileinstaller:1.3.1] AndroidManifest.xml:36:13-44
241            android:enabled="true"
241-->[androidx.profileinstaller:profileinstaller:1.3.1] AndroidManifest.xml:37:13-35
242            android:exported="true"
242-->[androidx.profileinstaller:profileinstaller:1.3.1] AndroidManifest.xml:38:13-36
243            android:permission="android.permission.DUMP" >
243-->[androidx.profileinstaller:profileinstaller:1.3.1] AndroidManifest.xml:39:13-57
244            <intent-filter>
244-->[androidx.profileinstaller:profileinstaller:1.3.1] AndroidManifest.xml:40:13-42:29
245                <action android:name="androidx.profileinstaller.action.INSTALL_PROFILE" />
245-->[androidx.profileinstaller:profileinstaller:1.3.1] AndroidManifest.xml:41:17-91
245-->[androidx.profileinstaller:profileinstaller:1.3.1] AndroidManifest.xml:41:25-88
246            </intent-filter>
247            <intent-filter>
247-->[androidx.profileinstaller:profileinstaller:1.3.1] AndroidManifest.xml:43:13-45:29
248                <action android:name="androidx.profileinstaller.action.SKIP_FILE" />
248-->[androidx.profileinstaller:profileinstaller:1.3.1] AndroidManifest.xml:44:17-85
248-->[androidx.profileinstaller:profileinstaller:1.3.1] AndroidManifest.xml:44:25-82
249            </intent-filter>
250            <intent-filter>
250-->[androidx.profileinstaller:profileinstaller:1.3.1] AndroidManifest.xml:46:13-48:29
251                <action android:name="androidx.profileinstaller.action.SAVE_PROFILE" />
251-->[androidx.profileinstaller:profileinstaller:1.3.1] AndroidManifest.xml:47:17-88
251-->[androidx.profileinstaller:profileinstaller:1.3.1] AndroidManifest.xml:47:25-85
252            </intent-filter>
253            <intent-filter>
253-->[androidx.profileinstaller:profileinstaller:1.3.1] AndroidManifest.xml:49:13-51:29
254                <action android:name="androidx.profileinstaller.action.BENCHMARK_OPERATION" />
254-->[androidx.profileinstaller:profileinstaller:1.3.1] AndroidManifest.xml:50:17-95
254-->[androidx.profileinstaller:profileinstaller:1.3.1] AndroidManifest.xml:50:25-92
255            </intent-filter>
256        </receiver>
257    </application>
258
259</manifest>